{
  "RSpec": {
    "coverage": {
      "/Users/Hoffs/dev/turingwork/1module/homework/enigma/lib/arggen.rb": [
        1,
        1,
        1,
        null,
        1,
        1,
        5,
        null,
        1,
        3,
        1,
        null,
        2,
        null,
        null,
        null,
        1,
        2,
        2,
        2,
        null,
        null,
        1,
        0,
        0,
        0,
        0,
        null,
        null,
        null,
        1,
        2,
        0,
        null,
        2,
        null,
        null,
        null,
        1,
        0,
        0,
        0,
        0,
        null,
        0,
        null,
        null,
        null,
        1,
        0,
        null,
        null,
        null
      ],
      "/Users/Hoffs/dev/turingwork/1module/homework/enigma/lib/loader.rb": [
        1,
        1,
        null,
        null,
        1,
        2,
        1,
        1,
        null,
        1,
        null,
        null,
        null,
        1,
        2,
        1,
        null,
        1,
        null,
        null,
        null,
        null
      ],
      "/Users/Hoffs/dev/turingwork/1module/homework/enigma/lib/keygen.rb": [
        1,
        1,
        0,
        null,
        null,
        1,
        0,
        null,
        0,
        0,
        null,
        0,
        null,
        null,
        null,
        null,
        null
      ],
      "/Users/Hoffs/dev/turingwork/1module/homework/enigma/lib/dategen.rb": [
        1,
        1,
        0,
        0,
        0,
        0,
        0,
        null,
        null
      ]
    },
    "timestamp": 1437528412
  }
}
