{
  "RSpec": {
    "coverage": {
      "/Users/Hoffs/dev/turingwork/1module/homework/enigma/lib/encrypt.rb": [
        1,
        1,
        1,
        null,
        null,
        null,
        1,
        1,
        1,
        8,
        8,
        null,
        8,
        null,
        1,
        0,
        0,
        0,
        0,
        0,
        null,
        1,
        null,
        null,
        1,
        3,
        1,
        null,
        2,
        null,
        null,
        null,
        1,
        2,
        2,
        2,
        null,
        null,
        1,
        0,
        0,
        0,
        0,
        null,
        null,
        null,
        1,
        2,
        0,
        null,
        2,
        null,
        null,
        null,
        1,
        3,
        1,
        null,
        2,
        null,
        null,
        null,
        1,
        0,
        null,
        null,
        null,
        null,
        null,
        null,
        1,
        0,
        null,
        0,
        null,
        null,
        null,
        null,
        null,
        null,
        null,
        null,
        null,
        null,
        null,
        null,
        null,
        null,
        null,
        null,
        null
      ],
      "/Users/Hoffs/dev/turingwork/1module/homework/enigma/lib/loader.rb": [
        1,
        1,
        null,
        null,
        1,
        2,
        1,
        1,
        null,
        1,
        null,
        null,
        null,
        1,
        2,
        1,
        null,
        1,
        null,
        null,
        null,
        null
      ],
      "/Users/Hoffs/dev/turingwork/1module/homework/enigma/lib/keygen.rb": [
        1,
        1,
        0,
        null,
        null,
        1,
        2,
        null,
        2,
        1,
        null,
        1,
        null,
        null,
        null,
        null,
        null
      ],
      "/Users/Hoffs/dev/turingwork/1module/homework/enigma/lib/arggen.rb": [

      ]
    },
    "timestamp": 1437527752
  }
}
